TN:
SF:src\App.tsx
FN:1,(empty-report)
FNF:1
FNH:0
FNDA:0,(empty-report)
DA:1,0
DA:2,0
DA:3,0
DA:4,0
DA:6,0
DA:7,0
DA:8,0
DA:9,0
DA:10,0
DA:11,0
DA:12,0
DA:13,0
DA:14,0
DA:15,0
DA:16,0
DA:18,0
DA:20,0
LF:17
LH:0
BRDA:1,0,0,0
BRF:1
BRH:0
end_of_record
TN:
SF:src\components\app-bar.tsx
FN:5,SingleAppBar
FNF:1
FNH:1
FNDA:1,SingleAppBar
DA:1,1
DA:2,1
DA:3,1
DA:5,1
DA:6,1
DA:7,1
DA:8,1
DA:9,1
DA:10,1
DA:12,1
DA:13,1
DA:15,1
DA:16,1
DA:18,1
DA:19,1
DA:20,1
DA:22,1
LF:17
LH:17
BRDA:5,0,0,1
BRF:1
BRH:1
end_of_record
TN:
SF:src\components\job-card.tsx
FN:11,JobCard
FN:14,handleSubmit
FN:31,onChange
FNF:3
FNH:3
FNDA:90,JobCard
FNDA:4,handleSubmit
FNDA:72,onChange
DA:1,1
DA:2,1
DA:11,90
DA:12,90
DA:14,90
DA:15,4
DA:16,3
DA:17,4
DA:19,90
DA:20,90
DA:21,90
DA:22,90
DA:23,90
DA:24,90
DA:26,90
DA:27,90
DA:28,90
DA:29,90
DA:30,90
DA:31,90
DA:32,90
DA:33,90
DA:34,90
DA:36,90
DA:37,90
DA:39,90
DA:40,90
DA:41,90
DA:43,90
LF:29
LH:29
BRDA:11,0,0,90
BRDA:14,1,0,4
BRDA:15,2,0,3
BRDA:15,3,0,1
BRDA:31,4,0,72
BRF:5
BRH:5
end_of_record
TN:
SF:src\components\job-list.tsx
FN:10,JobList
FN:14,handleSubmit
FNF:2
FNH:2
FNDA:9,JobList
FNDA:2,handleSubmit
DA:1,1
DA:2,1
DA:4,1
DA:5,1
DA:6,1
DA:7,1
DA:10,9
DA:11,9
DA:12,9
DA:13,9
DA:14,9
DA:15,2
DA:16,2
DA:17,2
DA:18,2
DA:19,2
DA:20,1
DA:21,1
DA:22,1
DA:23,1
DA:24,1
DA:25,2
DA:26,2
DA:27,2
DA:29,2
DA:31,9
DA:32,9
DA:33,9
DA:34,9
DA:35,9
DA:36,9
DA:37,14
DA:38,9
DA:39,9
DA:40,9
DA:42,9
LF:36
LH:36
BRDA:10,0,0,9
BRDA:33,1,0,8
BRDA:33,2,0,1
BRDA:34,3,0,8
BRDA:34,4,0,1
BRDA:34,5,0,0
BRDA:14,6,0,2
BRDA:15,7,0,0
BRDA:18,8,0,0
BRDA:18,9,0,0
BRDA:18,10,0,0
BRDA:19,11,0,1
BRDA:36,12,0,14
BRF:13
BRH:8
end_of_record
TN:
SF:src\hooks\use-candidate.tsx
FN:5,useCandidate
FN:11,fetchCandidate
FNF:2
FNH:2
FNDA:6,useCandidate
FNDA:2,fetchCandidate
DA:1,1
DA:3,1
DA:5,1
DA:6,6
DA:7,6
DA:8,6
DA:10,6
DA:11,2
DA:12,2
DA:13,2
DA:14,2
DA:15,1
DA:16,1
DA:17,1
DA:18,2
DA:19,2
DA:20,2
DA:21,2
DA:22,2
DA:23,6
DA:25,6
DA:26,6
LF:22
LH:22
BRDA:5,0,0,6
BRDA:10,1,0,2
BRDA:11,2,0,2
BRDA:14,3,0,1
BRF:4
BRH:4
end_of_record
TN:
SF:src\hooks\use-jobs.tsx
FN:5,useJobs
FN:11,fetchJobs
FNF:2
FNH:2
FNDA:6,useJobs
FNDA:2,fetchJobs
DA:1,1
DA:3,1
DA:5,1
DA:6,6
DA:7,6
DA:8,6
DA:10,6
DA:11,2
DA:12,2
DA:13,2
DA:14,2
DA:15,1
DA:16,1
DA:17,1
DA:18,2
DA:19,2
DA:20,2
DA:21,2
DA:22,2
DA:23,6
DA:25,6
DA:26,6
LF:22
LH:22
BRDA:5,0,0,6
BRDA:10,1,0,2
BRDA:11,2,0,2
BRDA:14,3,0,1
BRF:4
BRH:4
end_of_record
TN:
SF:src\services\api.ts
FN:9,getCandidateByEmail
FN:22,getJobsList
FN:30,applyToJob
FNF:3
FNH:3
FNDA:2,getCandidateByEmail
FNDA:2,getJobsList
FNDA:2,applyToJob
DA:1,1
DA:6,1
DA:7,1
DA:8,1
DA:9,2
DA:10,2
DA:11,2
DA:12,2
DA:13,2
DA:14,2
DA:15,2
DA:16,1
DA:17,1
DA:18,1
DA:19,1
DA:20,2
DA:22,2
DA:23,2
DA:24,2
DA:25,1
DA:26,1
DA:27,1
DA:28,1
DA:29,2
DA:30,2
DA:31,2
DA:32,2
DA:33,1
DA:34,1
DA:35,1
DA:36,1
DA:38,2
LF:32
LH:32
BRDA:9,0,0,2
BRDA:15,1,0,1
BRDA:22,2,0,2
BRDA:24,3,0,1
BRDA:30,4,0,2
BRDA:32,5,0,1
BRF:6
BRH:6
end_of_record
